[2013-05-06 09:46:17] START
[2013-05-06 15:19:26] CREATE weathertrendz_db.py: 0
[2013-05-07 07:41:08] CREATE parser.py: 0
[2013-05-07 22:46:53] EDIT weathertrendz/controllers/parser.py: 1
[2013-05-07 23:00:10] DELETE weathertrendz/controllers/parser.py: -4
[2013-05-07 23:01:05] CREATE x_fixtures.py: 0
[2013-05-07 23:06:43] EDIT weathertrendz/models/weathertrendz_db.py: 11
[2013-05-07 23:07:53] EDIT weathertrendz/models/weathertrendz_db.py: -3
[2013-05-07 23:07:55] EDIT weathertrendz/models/weathertrendz_db.py: 0
[2013-05-09 13:45:01] CREATE testdb.py: 0
[2013-05-09 13:45:45] CREATE testdb/index.html: 0
[2013-05-09 13:48:34] EDIT weathertrendz/views/testdb/index.html: 0
[2013-05-12 14:19:12] EDIT weathertrendz/models/x_fixtures.py: 8
[2013-05-12 14:43:24] EDIT weathertrendz/models/x_fixtures.py: -2
[2013-05-12 14:54:26] EDIT weathertrendz/models/x_fixtures.py: -4
[2013-05-12 15:10:27] EDIT weathertrendz/models/x_fixtures.py: 4
[2013-05-12 15:41:48] EDIT weathertrendz/models/x_fixtures.py: 0
[2013-05-12 16:20:40] EDIT weathertrendz/models/x_fixtures.py: -6
[2013-05-12 16:32:55] EDIT weathertrendz/models/x_fixtures.py: 6
[2013-05-12 16:39:58] EDIT weathertrendz/models/x_fixtures.py: -18
